<?xml version="1.0" encoding="UTF-8"?>
<testng-results skipped="0" failed="0" ignored="0" total="1" passed="1">
  <reporter-output>
  </reporter-output>
  <suite name="Suite" duration-ms="15501" started-at="2018-07-10T08:16:40Z" finished-at="2018-07-10T08:16:55Z">
    <groups>
    </groups>
    <test name="Test" duration-ms="15501" started-at="2018-07-10T08:16:40Z" finished-at="2018-07-10T08:16:55Z">
      <class name="selenium.demo.baiduSettingsTest">
        <test-method status="PASS" signature="settingsTest()[pri:0, instance:selenium.demo.baiduSettingsTest@675d3402]" name="settingsTest" duration-ms="15482" started-at="2018-07-10T08:16:40Z" finished-at="2018-07-10T08:16:55Z">
          <reporter-output>
          </reporter-output>
        </test-method> <!-- settingsTest -->
      </class> <!-- selenium.demo.baiduSettingsTest -->
    </test> <!-- Test -->
  </suite> <!-- Suite -->
</testng-results>
